2024-04-06 07:33:41,556:INFO:[31m[1mWARNING: This is a development server. Do not use it in a production deployment. Use a production WSGI server instead.[0m
 * Running on http://127.0.0.1:5001
2024-04-06 07:33:41,556:INFO:[33mPress CTRL+C to quit[0m
2024-04-06 07:33:41,559:INFO: * Restarting with stat
2024-04-06 07:33:51,299:WARNING: * Debugger is active!
2024-04-06 07:33:51,311:INFO: * Debugger PIN: 425-975-069
2024-04-06 07:53:38,557:INFO: * Detected change in 'C:\\Users\\USUARIO\\Documents\\GitHub\\taller-presencial-alex25pm\\src\\6b_api_server\\client_example.py', reloading
2024-04-06 07:53:39,541:INFO: * Restarting with stat
2024-04-06 07:53:42,823:WARNING: * Debugger is active!
2024-04-06 07:53:42,839:INFO: * Debugger PIN: 425-975-069
2024-04-06 07:55:58,190:INFO: * Detected change in 'C:\\Users\\USUARIO\\Documents\\GitHub\\taller-presencial-alex25pm\\src\\6b_api_server\\client_example.py', reloading
2024-04-06 07:55:58,667:INFO: * Restarting with stat
2024-04-06 07:56:03,392:WARNING: * Debugger is active!
2024-04-06 07:56:03,399:INFO: * Debugger PIN: 425-975-069
2024-04-06 08:02:55,109:INFO:User values: {'bedrooms': [3], 'bathrooms': [2], 'sqft_living': [1800], 'sqft_lot': [2200], 'floors': [1], 'waterfront': [1], 'condition': [3]}
2024-04-06 08:03:11,411:INFO:Prediction: [1605832.10562042]
2024-04-06 08:03:11,416:INFO:127.0.0.1 - - [06/Apr/2024 08:03:11] "POST / HTTP/1.1" 200 -
2024-04-06 08:23:30,152:INFO:User values: {'bedrooms': [3], 'bathrooms': [2], 'sqft_living': [1800], 'sqft_lot': [2200], 'floors': [1], 'waterfront': [1], 'condition': [3]}
2024-04-06 08:23:30,424:INFO:Prediction: [1605832.10562042]
2024-04-06 08:23:30,441:INFO:127.0.0.1 - - [06/Apr/2024 08:23:30] "POST / HTTP/1.1" 200 -
2024-04-06 09:27:31,109:INFO:User values: {'bedrooms': [3], 'bathrooms': [1], 'sqft_living': [1180], 'sqft_lot': [5650], 'floors': [1], 'waterfront': [0], 'condition': [1]}
2024-04-06 09:27:31,212:INFO:Prediction: [155849.90294016]
2024-04-06 09:27:31,226:INFO:127.0.0.1 - - [06/Apr/2024 09:27:31] "POST / HTTP/1.1" 200 -
